START -> 2015/06/19 16:34:42
DEL -> 2015-06-16 11:22:20.589044993 +0900 /var/www/engp/html/wordpress/wp-content/themes/engp/review_photo/tmp
DEL -> 2015-06-09 18:05:53.001618328 +0900 /var/www/engp/html/wordpress/wp-content/themes/engp/review_photo/tmp/92_5576ac7137eee.jpg
DEL -> 2015-06-09 18:06:14.533614488 +0900 /var/www/engp/html/wordpress/wp-content/themes/engp/review_photo/tmp/92_5576ac86bc0a7.jpg
DEL -> 2015-06-09 18:10:33.444567596 +0900 /var/www/engp/html/wordpress/wp-content/themes/engp/review_photo/tmp/92_5576ad89ac1f7.jpg
DEL -> 2015-06-09 18:05:33.384621795 +0900 /var/www/engp/html/wordpress/wp-content/themes/engp/review_photo/tmp/92_5576ac5dabae8.jpg
DEL -> 2015-06-09 18:27:29.606994057 +0900 /var/www/engp/html/wordpress/wp-content/themes/engp/review_photo/tmp/120_5576b181cadf9.jpg
DEL -> 2015-06-09 18:10:41.177566168 +0900 /var/www/engp/html/wordpress/wp-content/themes/engp/review_photo/tmp/92_5576ad9169445.jpg
DEL -> 2015-06-09 20:03:33.203566836 +0900 /var/www/engp/html/wordpress/wp-content/themes/engp/review_photo/delete
DEL -> 2015-06-09 18:24:12.446113402 +0900 /var/www/engp/html/wordpress/wp-content/themes/engp/review_photo/delete/120_5576b0bca25d5.jpg
DEL -> 2015-06-09 18:15:26.251441716 +0900 /var/www/engp/html/wordpress/wp-content/themes/engp/review_photo/delete/108_5576aeae973f1.jpg
DEL -> 2015-06-09 18:15:26.320441669 +0900 /var/www/engp/html/wordpress/wp-content/themes/engp/review_photo/delete/108_5576aeaeb09c8.jpg
DEL -> 2015-06-09 18:15:26.372441637 +0900 /var/www/engp/html/wordpress/wp-content/themes/engp/review_photo/delete/108_5576aeaecc0be.jpg
END -> 2015/06/19 16:34:42
START -> 2015/06/19 17:00:01
END -> 2015/06/19 17:00:01
START -> 2015/06/20 05:00:01
END -> 2015/06/20 05:00:01
START -> 2015/06/21 05:00:01
END -> 2015/06/21 05:00:01
START -> 2015/06/22 05:00:01
DEL -> 2015-06-19 16:34:42.567103349 +0900 /var/www/engp/html/wordpress/wp-content/themes/engp/review_photo/tmp
END -> 2015/06/22 05:00:01
START -> 2015/06/23 05:00:01
DEL -> 2015-06-19 16:34:42.567103349 +0900 /var/www/engp/html/wordpress/wp-content/themes/engp/review_photo/tmp
END -> 2015/06/23 05:00:01
START -> 2015/06/24 05:00:01
DEL -> 2015-06-19 16:34:42.567103349 +0900 /var/www/engp/html/wordpress/wp-content/themes/engp/review_photo/tmp
END -> 2015/06/24 05:00:01
START -> 2015/06/25 05:00:01
DEL -> 2015-06-19 16:34:42.567103349 +0900 /var/www/engp/html/wordpress/wp-content/themes/engp/review_photo/tmp
END -> 2015/06/25 05:00:01
START -> 2015/06/26 05:00:01
DEL -> 2015-06-19 16:34:42.567103349 +0900 /var/www/engp/html/wordpress/wp-content/themes/engp/review_photo/tmp
END -> 2015/06/26 05:00:01
START -> 2015/06/27 05:00:01
DEL -> 2015-06-19 16:34:42.567103349 +0900 /var/www/engp/html/wordpress/wp-content/themes/engp/review_photo/tmp
END -> 2015/06/27 05:00:01
START -> 2015/06/28 05:00:01
DEL -> 2015-06-19 16:34:42.567103349 +0900 /var/www/engp/html/wordpress/wp-content/themes/engp/review_photo/tmp
DEL -> 2015-06-19 16:34:42.582103348 +0900 /var/www/engp/html/wordpress/wp-content/themes/engp/review_photo/delete
END -> 2015/06/28 05:00:01
START -> 2015/06/29 05:00:01
DEL -> 2015-06-19 16:34:42.567103349 +0900 /var/www/engp/html/wordpress/wp-content/themes/engp/review_photo/tmp
DEL -> 2015-06-19 16:34:42.582103348 +0900 /var/www/engp/html/wordpress/wp-content/themes/engp/review_photo/delete
END -> 2015/06/29 05:00:01
START -> 2015/06/30 05:00:01
DEL -> 2015-06-19 16:34:42.567103349 +0900 /var/www/engp/html/wordpress/wp-content/themes/engp/review_photo/tmp
DEL -> 2015-06-19 16:34:42.582103348 +0900 /var/www/engp/html/wordpress/wp-content/themes/engp/review_photo/delete
END -> 2015/06/30 05:00:01
START -> 2015/07/01 05:00:01
DEL -> 2015-06-19 16:34:42.567103349 +0900 /var/www/engp/html/wordpress/wp-content/themes/engp/review_photo/tmp
DEL -> 2015-06-19 16:34:42.582103348 +0900 /var/www/engp/html/wordpress/wp-content/themes/engp/review_photo/delete
END -> 2015/07/01 05:00:01
START -> 2015/07/02 05:00:01
DEL -> 2015-06-19 16:34:42.567103349 +0900 /var/www/engp/html/wordpress/wp-content/themes/engp/review_photo/tmp
DEL -> 2015-06-19 16:34:42.582103348 +0900 /var/www/engp/html/wordpress/wp-content/themes/engp/review_photo/delete
END -> 2015/07/02 05:00:01
START -> 2015/07/03 05:00:01
DEL -> 2015-06-19 16:34:42.567103349 +0900 /var/www/engp/html/wordpress/wp-content/themes/engp/review_photo/tmp
DEL -> 2015-06-19 16:34:42.582103348 +0900 /var/www/engp/html/wordpress/wp-content/themes/engp/review_photo/delete
END -> 2015/07/03 05:00:01
START -> 2015/07/04 05:00:01
DEL -> 2015-06-19 16:34:42.567103349 +0900 /var/www/engp/html/wordpress/wp-content/themes/engp/review_photo/tmp
DEL -> 2015-06-19 16:34:42.582103348 +0900 /var/www/engp/html/wordpress/wp-content/themes/engp/review_photo/delete
END -> 2015/07/04 05:00:01
START -> 2015/07/05 05:00:01
DEL -> 2015-06-19 16:34:42.567103349 +0900 /var/www/engp/html/wordpress/wp-content/themes/engp/review_photo/tmp
DEL -> 2015-06-19 16:34:42.582103348 +0900 /var/www/engp/html/wordpress/wp-content/themes/engp/review_photo/delete
END -> 2015/07/05 05:00:01
START -> 2015/07/06 05:00:01
DEL -> 2015-06-19 16:34:42.567103349 +0900 /var/www/engp/html/wordpress/wp-content/themes/engp/review_photo/tmp
DEL -> 2015-06-19 16:34:42.582103348 +0900 /var/www/engp/html/wordpress/wp-content/themes/engp/review_photo/delete
END -> 2015/07/06 05:00:01
START -> 2015/07/07 05:00:01
DEL -> 2015-06-19 16:34:42.567103349 +0900 /var/www/engp/html/wordpress/wp-content/themes/engp/review_photo/tmp
DEL -> 2015-06-19 16:34:42.582103348 +0900 /var/www/engp/html/wordpress/wp-content/themes/engp/review_photo/delete
END -> 2015/07/07 05:00:01
START -> 2015/07/08 05:00:01
DEL -> 2015-06-19 16:34:42.567103349 +0900 /var/www/engp/html/wordpress/wp-content/themes/engp/review_photo/tmp
DEL -> 2015-06-19 16:34:42.582103348 +0900 /var/www/engp/html/wordpress/wp-content/themes/engp/review_photo/delete
END -> 2015/07/08 05:00:01
START -> 2015/07/09 05:00:01
DEL -> 2015-06-19 16:34:42.567103349 +0900 /var/www/engp/html/wordpress/wp-content/themes/engp/review_photo/tmp
DEL -> 2015-06-19 16:34:42.582103348 +0900 /var/www/engp/html/wordpress/wp-content/themes/engp/review_photo/delete
END -> 2015/07/09 05:00:01
START -> 2015/07/10 05:00:01
DEL -> 2015-06-19 16:34:42.567103349 +0900 /var/www/engp/html/wordpress/wp-content/themes/engp/review_photo/tmp
DEL -> 2015-06-19 16:34:42.582103348 +0900 /var/www/engp/html/wordpress/wp-content/themes/engp/review_photo/delete
END -> 2015/07/10 05:00:01
START -> 2015/07/11 05:00:01
DEL -> 2015-06-19 16:34:42.567103349 +0900 /var/www/engp/html/wordpress/wp-content/themes/engp/review_photo/tmp
DEL -> 2015-06-19 16:34:42.582103348 +0900 /var/www/engp/html/wordpress/wp-content/themes/engp/review_photo/delete
END -> 2015/07/11 05:00:01
START -> 2015/07/12 05:00:01
DEL -> 2015-06-19 16:34:42.567103349 +0900 /var/www/engp/html/wordpress/wp-content/themes/engp/review_photo/tmp
DEL -> 2015-06-19 16:34:42.582103348 +0900 /var/www/engp/html/wordpress/wp-content/themes/engp/review_photo/delete
END -> 2015/07/12 05:00:01
START -> 2015/07/13 05:00:01
DEL -> 2015-06-19 16:34:42.567103349 +0900 /var/www/engp/html/wordpress/wp-content/themes/engp/review_photo/tmp
DEL -> 2015-06-19 16:34:42.582103348 +0900 /var/www/engp/html/wordpress/wp-content/themes/engp/review_photo/delete
END -> 2015/07/13 05:00:01
START -> 2015/07/14 05:00:01
DEL -> 2015-06-19 16:34:42.567103349 +0900 /var/www/engp/html/wordpress/wp-content/themes/engp/review_photo/tmp
DEL -> 2015-06-19 16:34:42.582103348 +0900 /var/www/engp/html/wordpress/wp-content/themes/engp/review_photo/delete
END -> 2015/07/14 05:00:01
START -> 2015/07/15 05:00:01
DEL -> 2015-06-19 16:34:42.567103349 +0900 /var/www/engp/html/wordpress/wp-content/themes/engp/review_photo/tmp
DEL -> 2015-06-19 16:34:42.582103348 +0900 /var/www/engp/html/wordpress/wp-content/themes/engp/review_photo/delete
END -> 2015/07/15 05:00:01
START -> 2015/07/16 05:00:01
DEL -> 2015-06-19 16:34:42.567103349 +0900 /var/www/engp/html/wordpress/wp-content/themes/engp/review_photo/tmp
DEL -> 2015-06-19 16:34:42.582103348 +0900 /var/www/engp/html/wordpress/wp-content/themes/engp/review_photo/delete
END -> 2015/07/16 05:00:01
START -> 2015/07/17 05:00:01
DEL -> 2015-06-19 16:34:42.567103349 +0900 /var/www/engp/html/wordpress/wp-content/themes/engp/review_photo/tmp
DEL -> 2015-06-19 16:34:42.582103348 +0900 /var/www/engp/html/wordpress/wp-content/themes/engp/review_photo/delete
END -> 2015/07/17 05:00:01
START -> 2015/07/18 05:00:01
DEL -> 2015-06-19 16:34:42.567103349 +0900 /var/www/engp/html/wordpress/wp-content/themes/engp/review_photo/tmp
DEL -> 2015-06-19 16:34:42.582103348 +0900 /var/www/engp/html/wordpress/wp-content/themes/engp/review_photo/delete
END -> 2015/07/18 05:00:01
START -> 2015/07/19 05:00:01
DEL -> 2015-06-19 16:34:42.567103349 +0900 /var/www/engp/html/wordpress/wp-content/themes/engp/review_photo/tmp
DEL -> 2015-06-19 16:34:42.582103348 +0900 /var/www/engp/html/wordpress/wp-content/themes/engp/review_photo/delete
END -> 2015/07/19 05:00:01
START -> 2015/07/20 05:00:01
DEL -> 2015-06-19 16:34:42.567103349 +0900 /var/www/engp/html/wordpress/wp-content/themes/engp/review_photo/tmp
DEL -> 2015-06-19 16:34:42.582103348 +0900 /var/www/engp/html/wordpress/wp-content/themes/engp/review_photo/delete
END -> 2015/07/20 05:00:01
START -> 2015/07/21 05:00:01
DEL -> 2015-06-19 16:34:42.567103349 +0900 /var/www/engp/html/wordpress/wp-content/themes/engp/review_photo/tmp
DEL -> 2015-06-19 16:34:42.582103348 +0900 /var/www/engp/html/wordpress/wp-content/themes/engp/review_photo/delete
END -> 2015/07/21 05:00:01
START -> 2015/07/22 05:00:01
DEL -> 2015-06-19 16:34:42.567103349 +0900 /var/www/engp/html/wordpress/wp-content/themes/engp/review_photo/tmp
DEL -> 2015-06-19 16:34:42.582103348 +0900 /var/www/engp/html/wordpress/wp-content/themes/engp/review_photo/delete
END -> 2015/07/22 05:00:01
START -> 2015/07/23 05:00:01
DEL -> 2015-06-19 16:34:42.567103349 +0900 /var/www/engp/html/wordpress/wp-content/themes/engp/review_photo/tmp
DEL -> 2015-06-19 16:34:42.582103348 +0900 /var/www/engp/html/wordpress/wp-content/themes/engp/review_photo/delete
END -> 2015/07/23 05:00:01
START -> 2015/07/24 05:00:01
DEL -> 2015-06-19 16:34:42.567103349 +0900 /var/www/engp/html/wordpress/wp-content/themes/engp/review_photo/tmp
DEL -> 2015-06-19 16:34:42.582103348 +0900 /var/www/engp/html/wordpress/wp-content/themes/engp/review_photo/delete
END -> 2015/07/24 05:00:01
START -> 2015/07/25 05:00:01
DEL -> 2015-06-19 16:34:42.567103349 +0900 /var/www/engp/html/wordpress/wp-content/themes/engp/review_photo/tmp
DEL -> 2015-06-19 16:34:42.582103348 +0900 /var/www/engp/html/wordpress/wp-content/themes/engp/review_photo/delete
END -> 2015/07/25 05:00:01
START -> 2015/07/26 05:00:01
DEL -> 2015-06-19 16:34:42.567103349 +0900 /var/www/engp/html/wordpress/wp-content/themes/engp/review_photo/tmp
DEL -> 2015-06-19 16:34:42.582103348 +0900 /var/www/engp/html/wordpress/wp-content/themes/engp/review_photo/delete
END -> 2015/07/26 05:00:01
START -> 2015/07/27 05:00:01
DEL -> 2015-06-19 16:34:42.567103349 +0900 /var/www/engp/html/wordpress/wp-content/themes/engp/review_photo/tmp
DEL -> 2015-06-19 16:34:42.582103348 +0900 /var/www/engp/html/wordpress/wp-content/themes/engp/review_photo/delete
END -> 2015/07/27 05:00:01
START -> 2015/07/28 05:00:01
DEL -> 2015-06-19 16:34:42.567103349 +0900 /var/www/engp/html/wordpress/wp-content/themes/engp/review_photo/tmp
DEL -> 2015-06-19 16:34:42.582103348 +0900 /var/www/engp/html/wordpress/wp-content/themes/engp/review_photo/delete
END -> 2015/07/28 05:00:01
START -> 2015/07/29 05:00:01
DEL -> 2015-06-19 16:34:42.567103349 +0900 /var/www/engp/html/wordpress/wp-content/themes/engp/review_photo/tmp
DEL -> 2015-06-19 16:34:42.582103348 +0900 /var/www/engp/html/wordpress/wp-content/themes/engp/review_photo/delete
END -> 2015/07/29 05:00:01
START -> 2015/07/30 05:00:01
DEL -> 2015-06-19 16:34:42.567103349 +0900 /var/www/engp/html/wordpress/wp-content/themes/engp/review_photo/tmp
DEL -> 2015-06-19 16:34:42.582103348 +0900 /var/www/engp/html/wordpress/wp-content/themes/engp/review_photo/delete
END -> 2015/07/30 05:00:01
START -> 2015/07/31 05:00:01
DEL -> 2015-06-19 16:34:42.567103349 +0900 /var/www/engp/html/wordpress/wp-content/themes/engp/review_photo/tmp
DEL -> 2015-06-19 16:34:42.582103348 +0900 /var/www/engp/html/wordpress/wp-content/themes/engp/review_photo/delete
END -> 2015/07/31 05:00:01
START -> 2015/08/01 05:00:01
DEL -> 2015-06-19 16:34:42.567103349 +0900 /var/www/engp/html/wordpress/wp-content/themes/engp/review_photo/tmp
DEL -> 2015-06-19 16:34:42.582103348 +0900 /var/www/engp/html/wordpress/wp-content/themes/engp/review_photo/delete
END -> 2015/08/01 05:00:01
START -> 2015/08/02 05:00:01
DEL -> 2015-06-19 16:34:42.567103349 +0900 /var/www/engp/html/wordpress/wp-content/themes/engp/review_photo/tmp
DEL -> 2015-06-19 16:34:42.582103348 +0900 /var/www/engp/html/wordpress/wp-content/themes/engp/review_photo/delete
END -> 2015/08/02 05:00:01
START -> 2015/08/03 05:00:01
DEL -> 2015-06-19 16:34:42.567103349 +0900 /var/www/engp/html/wordpress/wp-content/themes/engp/review_photo/tmp
DEL -> 2015-06-19 16:34:42.582103348 +0900 /var/www/engp/html/wordpress/wp-content/themes/engp/review_photo/delete
END -> 2015/08/03 05:00:01
START -> 2015/08/04 05:00:01
DEL -> 2015-06-19 16:34:42.567103349 +0900 /var/www/engp/html/wordpress/wp-content/themes/engp/review_photo/tmp
DEL -> 2015-06-19 16:34:42.582103348 +0900 /var/www/engp/html/wordpress/wp-content/themes/engp/review_photo/delete
END -> 2015/08/04 05:00:01
START -> 2015/08/05 05:00:01
DEL -> 2015-06-19 16:34:42.567103349 +0900 /var/www/engp/html/wordpress/wp-content/themes/engp/review_photo/tmp
DEL -> 2015-06-19 16:34:42.582103348 +0900 /var/www/engp/html/wordpress/wp-content/themes/engp/review_photo/delete
END -> 2015/08/05 05:00:01
START -> 2015/08/06 05:00:01
DEL -> 2015-06-19 16:34:42.567103349 +0900 /var/www/engp/html/wordpress/wp-content/themes/engp/review_photo/tmp
DEL -> 2015-06-19 16:34:42.582103348 +0900 /var/www/engp/html/wordpress/wp-content/themes/engp/review_photo/delete
END -> 2015/08/06 05:00:01
START -> 2015/08/07 05:00:01
DEL -> 2015-06-19 16:34:42.567103349 +0900 /var/www/engp/html/wordpress/wp-content/themes/engp/review_photo/tmp
DEL -> 2015-06-19 16:34:42.582103348 +0900 /var/www/engp/html/wordpress/wp-content/themes/engp/review_photo/delete
END -> 2015/08/07 05:00:01
START -> 2015/08/08 05:00:01
DEL -> 2015-06-19 16:34:42.567103349 +0900 /var/www/engp/html/wordpress/wp-content/themes/engp/review_photo/tmp
DEL -> 2015-06-19 16:34:42.582103348 +0900 /var/www/engp/html/wordpress/wp-content/themes/engp/review_photo/delete
END -> 2015/08/08 05:00:01
START -> 2015/08/09 05:00:01
DEL -> 2015-06-19 16:34:42.567103349 +0900 /var/www/engp/html/wordpress/wp-content/themes/engp/review_photo/tmp
DEL -> 2015-06-19 16:34:42.582103348 +0900 /var/www/engp/html/wordpress/wp-content/themes/engp/review_photo/delete
END -> 2015/08/09 05:00:01
START -> 2015/08/10 05:00:01
DEL -> 2015-06-19 16:34:42.567103349 +0900 /var/www/engp/html/wordpress/wp-content/themes/engp/review_photo/tmp
DEL -> 2015-06-19 16:34:42.582103348 +0900 /var/www/engp/html/wordpress/wp-content/themes/engp/review_photo/delete
END -> 2015/08/10 05:00:01
START -> 2015/08/11 05:00:01
DEL -> 2015-06-19 16:34:42.567103349 +0900 /var/www/engp/html/wordpress/wp-content/themes/engp/review_photo/tmp
DEL -> 2015-06-19 16:34:42.582103348 +0900 /var/www/engp/html/wordpress/wp-content/themes/engp/review_photo/delete
END -> 2015/08/11 05:00:01
START -> 2015/08/12 05:00:01
DEL -> 2015-06-19 16:34:42.567103349 +0900 /var/www/engp/html/wordpress/wp-content/themes/engp/review_photo/tmp
DEL -> 2015-06-19 16:34:42.582103348 +0900 /var/www/engp/html/wordpress/wp-content/themes/engp/review_photo/delete
END -> 2015/08/12 05:00:01
START -> 2015/08/13 05:00:01
DEL -> 2015-06-19 16:34:42.567103349 +0900 /var/www/engp/html/wordpress/wp-content/themes/engp/review_photo/tmp
DEL -> 2015-06-19 16:34:42.582103348 +0900 /var/www/engp/html/wordpress/wp-content/themes/engp/review_photo/delete
END -> 2015/08/13 05:00:01
START -> 2015/08/14 05:00:01
DEL -> 2015-06-19 16:34:42.567103349 +0900 /var/www/engp/html/wordpress/wp-content/themes/engp/review_photo/tmp
DEL -> 2015-06-19 16:34:42.582103348 +0900 /var/www/engp/html/wordpress/wp-content/themes/engp/review_photo/delete
END -> 2015/08/14 05:00:01
START -> 2015/08/15 05:00:01
DEL -> 2015-06-19 16:34:42.567103349 +0900 /var/www/engp/html/wordpress/wp-content/themes/engp/review_photo/tmp
DEL -> 2015-06-19 16:34:42.582103348 +0900 /var/www/engp/html/wordpress/wp-content/themes/engp/review_photo/delete
END -> 2015/08/15 05:00:01
START -> 2015/08/16 05:00:01
DEL -> 2015-06-19 16:34:42.567103349 +0900 /var/www/engp/html/wordpress/wp-content/themes/engp/review_photo/tmp
DEL -> 2015-06-19 16:34:42.582103348 +0900 /var/www/engp/html/wordpress/wp-content/themes/engp/review_photo/delete
END -> 2015/08/16 05:00:01
START -> 2015/08/17 05:00:01
DEL -> 2015-06-19 16:34:42.567103349 +0900 /var/www/engp/html/wordpress/wp-content/themes/engp/review_photo/tmp
DEL -> 2015-06-19 16:34:42.582103348 +0900 /var/www/engp/html/wordpress/wp-content/themes/engp/review_photo/delete
END -> 2015/08/17 05:00:01
START -> 2015/08/18 05:00:01
DEL -> 2015-06-19 16:34:42.567103349 +0900 /var/www/engp/html/wordpress/wp-content/themes/engp/review_photo/tmp
DEL -> 2015-06-19 16:34:42.582103348 +0900 /var/www/engp/html/wordpress/wp-content/themes/engp/review_photo/delete
END -> 2015/08/18 05:00:01
START -> 2015/08/19 05:00:01
DEL -> 2015-06-19 16:34:42.567103349 +0900 /var/www/engp/html/wordpress/wp-content/themes/engp/review_photo/tmp
DEL -> 2015-06-19 16:34:42.582103348 +0900 /var/www/engp/html/wordpress/wp-content/themes/engp/review_photo/delete
END -> 2015/08/19 05:00:01
START -> 2015/08/20 05:00:01
DEL -> 2015-06-19 16:34:42.567103349 +0900 /var/www/engp/html/wordpress/wp-content/themes/engp/review_photo/tmp
DEL -> 2015-06-19 16:34:42.582103348 +0900 /var/www/engp/html/wordpress/wp-content/themes/engp/review_photo/delete
END -> 2015/08/20 05:00:01
START -> 2015/08/21 05:00:01
DEL -> 2015-06-19 16:34:42.567103349 +0900 /var/www/engp/html/wordpress/wp-content/themes/engp/review_photo/tmp
DEL -> 2015-06-19 16:34:42.582103348 +0900 /var/www/engp/html/wordpress/wp-content/themes/engp/review_photo/delete
END -> 2015/08/21 05:00:01
START -> 2015/08/22 05:00:01
DEL -> 2015-06-19 16:34:42.567103349 +0900 /var/www/engp/html/wordpress/wp-content/themes/engp/review_photo/tmp
DEL -> 2015-06-19 16:34:42.582103348 +0900 /var/www/engp/html/wordpress/wp-content/themes/engp/review_photo/delete
END -> 2015/08/22 05:00:01
START -> 2015/08/23 05:00:01
DEL -> 2015-06-19 16:34:42.567103349 +0900 /var/www/engp/html/wordpress/wp-content/themes/engp/review_photo/tmp
DEL -> 2015-06-19 16:34:42.582103348 +0900 /var/www/engp/html/wordpress/wp-content/themes/engp/review_photo/delete
END -> 2015/08/23 05:00:01
START -> 2015/08/24 05:00:01
DEL -> 2015-06-19 16:34:42.567103349 +0900 /var/www/engp/html/wordpress/wp-content/themes/engp/review_photo/tmp
DEL -> 2015-06-19 16:34:42.582103348 +0900 /var/www/engp/html/wordpress/wp-content/themes/engp/review_photo/delete
END -> 2015/08/24 05:00:02
START -> 2015/08/25 05:00:01
DEL -> 2015-06-19 16:34:42.567103349 +0900 /var/www/engp/html/wordpress/wp-content/themes/engp/review_photo/tmp
DEL -> 2015-06-19 16:34:42.582103348 +0900 /var/www/engp/html/wordpress/wp-content/themes/engp/review_photo/delete
END -> 2015/08/25 05:00:01
START -> 2015/08/26 05:00:01
DEL -> 2015-06-19 16:34:42.567103349 +0900 /var/www/engp/html/wordpress/wp-content/themes/engp/review_photo/tmp
DEL -> 2015-06-19 16:34:42.582103348 +0900 /var/www/engp/html/wordpress/wp-content/themes/engp/review_photo/delete
END -> 2015/08/26 05:00:01
START -> 2015/08/27 05:00:01
DEL -> 2015-06-19 16:34:42.567103349 +0900 /var/www/engp/html/wordpress/wp-content/themes/engp/review_photo/tmp
DEL -> 2015-06-19 16:34:42.582103348 +0900 /var/www/engp/html/wordpress/wp-content/themes/engp/review_photo/delete
END -> 2015/08/27 05:00:01
START -> 2015/08/28 05:00:01
DEL -> 2015-06-19 16:34:42.567103349 +0900 /var/www/engp/html/wordpress/wp-content/themes/engp/review_photo/tmp
DEL -> 2015-06-19 16:34:42.582103348 +0900 /var/www/engp/html/wordpress/wp-content/themes/engp/review_photo/delete
END -> 2015/08/28 05:00:01
START -> 2015/08/29 05:00:01
DEL -> 2015-06-19 16:34:42.567103349 +0900 /var/www/engp/html/wordpress/wp-content/themes/engp/review_photo/tmp
DEL -> 2015-06-19 16:34:42.582103348 +0900 /var/www/engp/html/wordpress/wp-content/themes/engp/review_photo/delete
END -> 2015/08/29 05:00:01
START -> 2015/08/30 05:00:01
DEL -> 2015-06-19 16:34:42.567103349 +0900 /var/www/engp/html/wordpress/wp-content/themes/engp/review_photo/tmp
DEL -> 2015-06-19 16:34:42.582103348 +0900 /var/www/engp/html/wordpress/wp-content/themes/engp/review_photo/delete
END -> 2015/08/30 05:00:01
START -> 2015/08/31 05:00:01
DEL -> 2015-06-19 16:34:42.567103349 +0900 /var/www/engp/html/wordpress/wp-content/themes/engp/review_photo/tmp
DEL -> 2015-06-19 16:34:42.582103348 +0900 /var/www/engp/html/wordpress/wp-content/themes/engp/review_photo/delete
END -> 2015/08/31 05:00:01
START -> 2015/09/01 05:00:01
DEL -> 2015-06-19 16:34:42.567103349 +0900 /var/www/engp/html/wordpress/wp-content/themes/engp/review_photo/tmp
DEL -> 2015-06-19 16:34:42.582103348 +0900 /var/www/engp/html/wordpress/wp-content/themes/engp/review_photo/delete
END -> 2015/09/01 05:00:02
START -> 2015/09/02 05:00:01
DEL -> 2015-06-19 16:34:42.567103349 +0900 /var/www/engp/html/wordpress/wp-content/themes/engp/review_photo/tmp
DEL -> 2015-06-19 16:34:42.582103348 +0900 /var/www/engp/html/wordpress/wp-content/themes/engp/review_photo/delete
END -> 2015/09/02 05:00:01
START -> 2015/09/03 05:00:01
DEL -> 2015-06-19 16:34:42.567103349 +0900 /var/www/engp/html/wordpress/wp-content/themes/engp/review_photo/tmp
DEL -> 2015-06-19 16:34:42.582103348 +0900 /var/www/engp/html/wordpress/wp-content/themes/engp/review_photo/delete
END -> 2015/09/03 05:00:01
START -> 2015/09/04 05:00:01
DEL -> 2015-06-19 16:34:42.567103349 +0900 /var/www/engp/html/wordpress/wp-content/themes/engp/review_photo/tmp
DEL -> 2015-06-19 16:34:42.582103348 +0900 /var/www/engp/html/wordpress/wp-content/themes/engp/review_photo/delete
END -> 2015/09/04 05:00:01
START -> 2015/09/05 05:00:01
DEL -> 2015-06-19 16:34:42.567103349 +0900 /var/www/engp/html/wordpress/wp-content/themes/engp/review_photo/tmp
DEL -> 2015-06-19 16:34:42.582103348 +0900 /var/www/engp/html/wordpress/wp-content/themes/engp/review_photo/delete
END -> 2015/09/05 05:00:01
START -> 2015/09/06 05:00:01
DEL -> 2015-06-19 16:34:42.567103349 +0900 /var/www/engp/html/wordpress/wp-content/themes/engp/review_photo/tmp
DEL -> 2015-06-19 16:34:42.582103348 +0900 /var/www/engp/html/wordpress/wp-content/themes/engp/review_photo/delete
END -> 2015/09/06 05:00:01
START -> 2015/09/07 05:00:01
DEL -> 2015-06-19 16:34:42.567103349 +0900 /var/www/engp/html/wordpress/wp-content/themes/engp/review_photo/tmp
DEL -> 2015-06-19 16:34:42.582103348 +0900 /var/www/engp/html/wordpress/wp-content/themes/engp/review_photo/delete
END -> 2015/09/07 05:00:01
START -> 2015/09/08 05:00:01
DEL -> 2015-06-19 16:34:42.567103349 +0900 /var/www/engp/html/wordpress/wp-content/themes/engp/review_photo/tmp
DEL -> 2015-06-19 16:34:42.582103348 +0900 /var/www/engp/html/wordpress/wp-content/themes/engp/review_photo/delete
END -> 2015/09/08 05:00:01
START -> 2015/09/09 05:00:01
DEL -> 2015-06-19 16:34:42.567103349 +0900 /var/www/engp/html/wordpress/wp-content/themes/engp/review_photo/tmp
DEL -> 2015-06-19 16:34:42.582103348 +0900 /var/www/engp/html/wordpress/wp-content/themes/engp/review_photo/delete
END -> 2015/09/09 05:00:01
START -> 2015/09/10 05:00:01
DEL -> 2015-06-19 16:34:42.567103349 +0900 /var/www/engp/html/wordpress/wp-content/themes/engp/review_photo/tmp
DEL -> 2015-06-19 16:34:42.582103348 +0900 /var/www/engp/html/wordpress/wp-content/themes/engp/review_photo/delete
END -> 2015/09/10 05:00:02
START -> 2015/09/11 05:00:01
DEL -> 2015-06-19 16:34:42.567103349 +0900 /var/www/engp/html/wordpress/wp-content/themes/engp/review_photo/tmp
DEL -> 2015-06-19 16:34:42.582103348 +0900 /var/www/engp/html/wordpress/wp-content/themes/engp/review_photo/delete
END -> 2015/09/11 05:00:01
START -> 2015/09/12 05:00:01
DEL -> 2015-06-19 16:34:42.567103349 +0900 /var/www/engp/html/wordpress/wp-content/themes/engp/review_photo/tmp
DEL -> 2015-06-19 16:34:42.582103348 +0900 /var/www/engp/html/wordpress/wp-content/themes/engp/review_photo/delete
END -> 2015/09/12 05:00:01
START -> 2015/09/13 05:00:01
DEL -> 2015-06-19 16:34:42.567103349 +0900 /var/www/engp/html/wordpress/wp-content/themes/engp/review_photo/tmp
DEL -> 2015-06-19 16:34:42.582103348 +0900 /var/www/engp/html/wordpress/wp-content/themes/engp/review_photo/delete
END -> 2015/09/13 05:00:01
START -> 2015/09/14 05:00:01
DEL -> 2015-06-19 16:34:42.567103349 +0900 /var/www/engp/html/wordpress/wp-content/themes/engp/review_photo/tmp
DEL -> 2015-06-19 16:34:42.582103348 +0900 /var/www/engp/html/wordpress/wp-content/themes/engp/review_photo/delete
END -> 2015/09/14 05:00:01
START -> 2015/09/15 05:00:01
DEL -> 2015-06-19 16:34:42.567103349 +0900 /var/www/engp/html/wordpress/wp-content/themes/engp/review_photo/tmp
DEL -> 2015-06-19 16:34:42.582103348 +0900 /var/www/engp/html/wordpress/wp-content/themes/engp/review_photo/delete
END -> 2015/09/15 05:00:01
START -> 2015/09/16 05:00:01
DEL -> 2015-06-19 16:34:42.567103349 +0900 /var/www/engp/html/wordpress/wp-content/themes/engp/review_photo/tmp
DEL -> 2015-06-19 16:34:42.582103348 +0900 /var/www/engp/html/wordpress/wp-content/themes/engp/review_photo/delete
END -> 2015/09/16 05:00:01
START -> 2015/09/17 05:00:01
DEL -> 2015-06-19 16:34:42.567103349 +0900 /var/www/engp/html/wordpress/wp-content/themes/engp/review_photo/tmp
DEL -> 2015-06-19 16:34:42.582103348 +0900 /var/www/engp/html/wordpress/wp-content/themes/engp/review_photo/delete
END -> 2015/09/17 05:00:01
START -> 2015/09/18 05:00:01
DEL -> 2015-06-19 16:34:42.567103349 +0900 /var/www/engp/html/wordpress/wp-content/themes/engp/review_photo/tmp
DEL -> 2015-06-19 16:34:42.582103348 +0900 /var/www/engp/html/wordpress/wp-content/themes/engp/review_photo/delete
END -> 2015/09/18 05:00:01
START -> 2015/09/19 05:00:01
DEL -> 2015-06-19 16:34:42.567103349 +0900 /var/www/engp/html/wordpress/wp-content/themes/engp/review_photo/tmp
DEL -> 2015-06-19 16:34:42.582103348 +0900 /var/www/engp/html/wordpress/wp-content/themes/engp/review_photo/delete
END -> 2015/09/19 05:00:01
START -> 2015/09/20 05:00:01
DEL -> 2015-06-19 16:34:42.567103349 +0900 /var/www/engp/html/wordpress/wp-content/themes/engp/review_photo/tmp
DEL -> 2015-06-19 16:34:42.582103348 +0900 /var/www/engp/html/wordpress/wp-content/themes/engp/review_photo/delete
END -> 2015/09/20 05:00:01
START -> 2015/09/21 05:00:01
DEL -> 2015-06-19 16:34:42.567103349 +0900 /var/www/engp/html/wordpress/wp-content/themes/engp/review_photo/tmp
DEL -> 2015-06-19 16:34:42.582103348 +0900 /var/www/engp/html/wordpress/wp-content/themes/engp/review_photo/delete
END -> 2015/09/21 05:00:01
START -> 2015/09/22 05:00:01
DEL -> 2015-06-19 16:34:42.567103349 +0900 /var/www/engp/html/wordpress/wp-content/themes/engp/review_photo/tmp
DEL -> 2015-06-19 16:34:42.582103348 +0900 /var/www/engp/html/wordpress/wp-content/themes/engp/review_photo/delete
END -> 2015/09/22 05:00:01
START -> 2015/09/23 05:00:01
DEL -> 2015-06-19 16:34:42.567103349 +0900 /var/www/engp/html/wordpress/wp-content/themes/engp/review_photo/tmp
DEL -> 2015-06-19 16:34:42.582103348 +0900 /var/www/engp/html/wordpress/wp-content/themes/engp/review_photo/delete
END -> 2015/09/23 05:00:01
START -> 2015/09/24 05:00:01
DEL -> 2015-06-19 16:34:42.567103349 +0900 /var/www/engp/html/wordpress/wp-content/themes/engp/review_photo/tmp
DEL -> 2015-06-19 16:34:42.582103348 +0900 /var/www/engp/html/wordpress/wp-content/themes/engp/review_photo/delete
END -> 2015/09/24 05:00:01
START -> 2015/09/25 05:00:01
DEL -> 2015-06-19 16:34:42.567103349 +0900 /var/www/engp/html/wordpress/wp-content/themes/engp/review_photo/tmp
DEL -> 2015-06-19 16:34:42.582103348 +0900 /var/www/engp/html/wordpress/wp-content/themes/engp/review_photo/delete
END -> 2015/09/25 05:00:01
START -> 2015/09/26 05:00:01
DEL -> 2015-06-19 16:34:42.567103349 +0900 /var/www/engp/html/wordpress/wp-content/themes/engp/review_photo/tmp
DEL -> 2015-06-19 16:34:42.582103348 +0900 /var/www/engp/html/wordpress/wp-content/themes/engp/review_photo/delete
END -> 2015/09/26 05:00:01
START -> 2015/09/27 05:00:01
DEL -> 2015-06-19 16:34:42.567103349 +0900 /var/www/engp/html/wordpress/wp-content/themes/engp/review_photo/tmp
DEL -> 2015-06-19 16:34:42.582103348 +0900 /var/www/engp/html/wordpress/wp-content/themes/engp/review_photo/delete
END -> 2015/09/27 05:00:01
START -> 2015/09/28 05:00:01
DEL -> 2015-06-19 16:34:42.567103349 +0900 /var/www/engp/html/wordpress/wp-content/themes/engp/review_photo/tmp
DEL -> 2015-06-19 16:34:42.582103348 +0900 /var/www/engp/html/wordpress/wp-content/themes/engp/review_photo/delete
END -> 2015/09/28 05:00:01
START -> 2015/09/29 05:00:01
DEL -> 2015-06-19 16:34:42.582103348 +0900 /var/www/engp/html/wordpress/wp-content/themes/engp/review_photo/delete
END -> 2015/09/29 05:00:01
START -> 2015/09/30 05:00:01
DEL -> 2015-06-19 16:34:42.582103348 +0900 /var/www/engp/html/wordpress/wp-content/themes/engp/review_photo/delete
END -> 2015/09/30 05:00:01
START -> 2015/10/01 05:00:01
DEL -> 2015-09-28 13:26:54.648859514 +0900 /var/www/engp/html/wordpress/wp-content/themes/engp/review_photo/tmp/94_5608c18ed9359.JPG
DEL -> 2015-09-28 14:49:46.076634416 +0900 /var/www/engp/html/wordpress/wp-content/themes/engp/review_photo/tmp/94_5608d4fa58398.JPG
DEL -> 2015-09-28 13:23:28.979752843 +0900 /var/www/engp/html/wordpress/wp-content/themes/engp/review_photo/tmp/94_5608c0c13b9f7.JPG
DEL -> 2015-06-19 16:34:42.582103348 +0900 /var/www/engp/html/wordpress/wp-content/themes/engp/review_photo/delete
END -> 2015/10/01 05:00:01
START -> 2015/10/02 05:00:01
DEL -> 2015-06-19 16:34:42.582103348 +0900 /var/www/engp/html/wordpress/wp-content/themes/engp/review_photo/delete
END -> 2015/10/02 05:00:01
START -> 2015/10/03 05:00:01
DEL -> 2015-09-30 14:48:22.888698576 +0900 /var/www/engp/html/wordpress/wp-content/themes/engp/review_photo/tmp/128_560b77a77dde6.jpg
DEL -> 2015-06-19 16:34:42.582103348 +0900 /var/www/engp/html/wordpress/wp-content/themes/engp/review_photo/delete
END -> 2015/10/03 05:00:01
START -> 2015/10/04 05:00:01
DEL -> 2015-10-01 15:39:08.694068743 +0900 /var/www/engp/html/wordpress/wp-content/themes/engp/review_photo/tmp/97_560cd50d01ae3.JPG
DEL -> 2015-10-01 15:17:01.913674025 +0900 /var/www/engp/html/wordpress/wp-content/themes/engp/review_photo/tmp/97_560ccfde22f2d.jpg
DEL -> 2015-06-19 16:34:42.582103348 +0900 /var/www/engp/html/wordpress/wp-content/themes/engp/review_photo/delete
END -> 2015/10/04 05:00:01
START -> 2015/10/05 05:00:01
DEL -> 2015-06-19 16:34:42.582103348 +0900 /var/www/engp/html/wordpress/wp-content/themes/engp/review_photo/delete
END -> 2015/10/05 05:00:01
START -> 2015/10/06 05:00:01
DEL -> 2015-10-04 05:00:01.771070320 +0900 /var/www/engp/html/wordpress/wp-content/themes/engp/review_photo/tmp
DEL -> 2015-06-19 16:34:42.582103348 +0900 /var/www/engp/html/wordpress/wp-content/themes/engp/review_photo/delete
END -> 2015/10/06 05:00:01
START -> 2015/10/07 05:00:01
DEL -> 2015-10-04 05:00:01.771070320 +0900 /var/www/engp/html/wordpress/wp-content/themes/engp/review_photo/tmp
DEL -> 2015-06-19 16:34:42.582103348 +0900 /var/www/engp/html/wordpress/wp-content/themes/engp/review_photo/delete
END -> 2015/10/07 05:00:01
START -> 2015/10/08 05:00:01
DEL -> 2015-10-04 05:00:01.771070320 +0900 /var/www/engp/html/wordpress/wp-content/themes/engp/review_photo/tmp
DEL -> 2015-06-19 16:34:42.582103348 +0900 /var/www/engp/html/wordpress/wp-content/themes/engp/review_photo/delete
END -> 2015/10/08 05:00:01
START -> 2015/10/09 05:00:01
DEL -> 2015-10-04 05:00:01.771070320 +0900 /var/www/engp/html/wordpress/wp-content/themes/engp/review_photo/tmp
DEL -> 2015-06-19 16:34:42.582103348 +0900 /var/www/engp/html/wordpress/wp-content/themes/engp/review_photo/delete
END -> 2015/10/09 05:00:01
START -> 2015/10/10 05:00:01
DEL -> 2015-10-04 05:00:01.771070320 +0900 /var/www/engp/html/wordpress/wp-content/themes/engp/review_photo/tmp
DEL -> 2015-06-19 16:34:42.582103348 +0900 /var/www/engp/html/wordpress/wp-content/themes/engp/review_photo/delete
END -> 2015/10/10 05:00:01
START -> 2015/10/11 05:00:01
DEL -> 2015-10-04 05:00:01.771070320 +0900 /var/www/engp/html/wordpress/wp-content/themes/engp/review_photo/tmp
DEL -> 2015-06-19 16:34:42.582103348 +0900 /var/www/engp/html/wordpress/wp-content/themes/engp/review_photo/delete
END -> 2015/10/11 05:00:01
START -> 2015/10/12 05:00:01
DEL -> 2015-10-04 05:00:01.771070320 +0900 /var/www/engp/html/wordpress/wp-content/themes/engp/review_photo/tmp
DEL -> 2015-06-19 16:34:42.582103348 +0900 /var/www/engp/html/wordpress/wp-content/themes/engp/review_photo/delete
END -> 2015/10/12 05:00:01
START -> 2015/10/13 05:00:01
DEL -> 2015-10-04 05:00:01.771070320 +0900 /var/www/engp/html/wordpress/wp-content/themes/engp/review_photo/tmp
DEL -> 2015-06-19 16:34:42.582103348 +0900 /var/www/engp/html/wordpress/wp-content/themes/engp/review_photo/delete
END -> 2015/10/13 05:00:01
START -> 2015/10/14 05:00:02
DEL -> 2015-10-04 05:00:01.771070320 +0900 /var/www/engp/html/wordpress/wp-content/themes/engp/review_photo/tmp
DEL -> 2015-06-19 16:34:42.582103348 +0900 /var/www/engp/html/wordpress/wp-content/themes/engp/review_photo/delete
END -> 2015/10/14 05:00:02
START -> 2015/10/15 05:00:01
DEL -> 2015-10-04 05:00:01.771070320 +0900 /var/www/engp/html/wordpress/wp-content/themes/engp/review_photo/tmp
DEL -> 2015-06-19 16:34:42.582103348 +0900 /var/www/engp/html/wordpress/wp-content/themes/engp/review_photo/delete
END -> 2015/10/15 05:00:01
START -> 2015/10/16 05:00:01
DEL -> 2015-10-04 05:00:01.771070320 +0900 /var/www/engp/html/wordpress/wp-content/themes/engp/review_photo/tmp
DEL -> 2015-06-19 16:34:42.582103348 +0900 /var/www/engp/html/wordpress/wp-content/themes/engp/review_photo/delete
END -> 2015/10/16 05:00:01
START -> 2015/10/17 05:00:01
DEL -> 2015-10-04 05:00:01.771070320 +0900 /var/www/engp/html/wordpress/wp-content/themes/engp/review_photo/tmp
DEL -> 2015-06-19 16:34:42.582103348 +0900 /var/www/engp/html/wordpress/wp-content/themes/engp/review_photo/delete
END -> 2015/10/17 05:00:01
START -> 2015/10/18 05:00:01
DEL -> 2015-10-04 05:00:01.771070320 +0900 /var/www/engp/html/wordpress/wp-content/themes/engp/review_photo/tmp
DEL -> 2015-06-19 16:34:42.582103348 +0900 /var/www/engp/html/wordpress/wp-content/themes/engp/review_photo/delete
END -> 2015/10/18 05:00:01
START -> 2015/10/19 05:00:01
DEL -> 2015-10-04 05:00:01.771070320 +0900 /var/www/engp/html/wordpress/wp-content/themes/engp/review_photo/tmp
DEL -> 2015-06-19 16:34:42.582103348 +0900 /var/www/engp/html/wordpress/wp-content/themes/engp/review_photo/delete
END -> 2015/10/19 05:00:01
START -> 2015/10/20 05:00:01
DEL -> 2015-10-04 05:00:01.771070320 +0900 /var/www/engp/html/wordpress/wp-content/themes/engp/review_photo/tmp
DEL -> 2015-06-19 16:34:42.582103348 +0900 /var/www/engp/html/wordpress/wp-content/themes/engp/review_photo/delete
END -> 2015/10/20 05:00:01
START -> 2015/10/21 05:00:01
DEL -> 2015-10-04 05:00:01.771070320 +0900 /var/www/engp/html/wordpress/wp-content/themes/engp/review_photo/tmp
DEL -> 2015-06-19 16:34:42.582103348 +0900 /var/www/engp/html/wordpress/wp-content/themes/engp/review_photo/delete
END -> 2015/10/21 05:00:01
START -> 2015/10/22 05:00:01
DEL -> 2015-10-04 05:00:01.771070320 +0900 /var/www/engp/html/wordpress/wp-content/themes/engp/review_photo/tmp
DEL -> 2015-06-19 16:34:42.582103348 +0900 /var/www/engp/html/wordpress/wp-content/themes/engp/review_photo/delete
END -> 2015/10/22 05:00:01
START -> 2015/10/23 05:00:01
DEL -> 2015-10-04 05:00:01.771070320 +0900 /var/www/engp/html/wordpress/wp-content/themes/engp/review_photo/tmp
DEL -> 2015-06-19 16:34:42.582103348 +0900 /var/www/engp/html/wordpress/wp-content/themes/engp/review_photo/delete
END -> 2015/10/23 05:00:01
START -> 2015/10/24 05:00:01
DEL -> 2015-10-04 05:00:01.771070320 +0900 /var/www/engp/html/wordpress/wp-content/themes/engp/review_photo/tmp
DEL -> 2015-06-19 16:34:42.582103348 +0900 /var/www/engp/html/wordpress/wp-content/themes/engp/review_photo/delete
END -> 2015/10/24 05:00:01
START -> 2015/10/25 05:00:01
DEL -> 2015-10-04 05:00:01.771070320 +0900 /var/www/engp/html/wordpress/wp-content/themes/engp/review_photo/tmp
DEL -> 2015-06-19 16:34:42.582103348 +0900 /var/www/engp/html/wordpress/wp-content/themes/engp/review_photo/delete
END -> 2015/10/25 05:00:01
START -> 2015/10/26 05:00:01
DEL -> 2015-10-04 05:00:01.771070320 +0900 /var/www/engp/html/wordpress/wp-content/themes/engp/review_photo/tmp
DEL -> 2015-06-19 16:34:42.582103348 +0900 /var/www/engp/html/wordpress/wp-content/themes/engp/review_photo/delete
END -> 2015/10/26 05:00:01
START -> 2015/10/27 05:00:01
DEL -> 2015-10-04 05:00:01.771070320 +0900 /var/www/engp/html/wordpress/wp-content/themes/engp/review_photo/tmp
DEL -> 2015-06-19 16:34:42.582103348 +0900 /var/www/engp/html/wordpress/wp-content/themes/engp/review_photo/delete
END -> 2015/10/27 05:00:01
START -> 2015/10/28 05:00:01
DEL -> 2015-10-04 05:00:01.771070320 +0900 /var/www/engp/html/wordpress/wp-content/themes/engp/review_photo/tmp
DEL -> 2015-06-19 16:34:42.582103348 +0900 /var/www/engp/html/wordpress/wp-content/themes/engp/review_photo/delete
END -> 2015/10/28 05:00:01
START -> 2015/10/29 05:00:01
DEL -> 2015-10-04 05:00:01.771070320 +0900 /var/www/engp/html/wordpress/wp-content/themes/engp/review_photo/tmp
DEL -> 2015-06-19 16:34:42.582103348 +0900 /var/www/engp/html/wordpress/wp-content/themes/engp/review_photo/delete
END -> 2015/10/29 05:00:01
START -> 2015/10/30 05:00:01
DEL -> 2015-10-04 05:00:01.771070320 +0900 /var/www/engp/html/wordpress/wp-content/themes/engp/review_photo/tmp
DEL -> 2015-06-19 16:34:42.582103348 +0900 /var/www/engp/html/wordpress/wp-content/themes/engp/review_photo/delete
END -> 2015/10/30 05:00:01
START -> 2015/10/31 05:00:01
DEL -> 2015-10-04 05:00:01.771070320 +0900 /var/www/engp/html/wordpress/wp-content/themes/engp/review_photo/tmp
DEL -> 2015-06-19 16:34:42.582103348 +0900 /var/www/engp/html/wordpress/wp-content/themes/engp/review_photo/delete
END -> 2015/10/31 05:00:01
START -> 2015/11/01 05:00:01
DEL -> 2015-10-04 05:00:01.771070320 +0900 /var/www/engp/html/wordpress/wp-content/themes/engp/review_photo/tmp
DEL -> 2015-06-19 16:34:42.582103348 +0900 /var/www/engp/html/wordpress/wp-content/themes/engp/review_photo/delete
END -> 2015/11/01 05:00:01
START -> 2015/11/02 05:00:02
DEL -> 2015-10-04 05:00:01.771070320 +0900 /var/www/engp/html/wordpress/wp-content/themes/engp/review_photo/tmp
DEL -> 2015-06-19 16:34:42.582103348 +0900 /var/www/engp/html/wordpress/wp-content/themes/engp/review_photo/delete
END -> 2015/11/02 05:00:02
START -> 2015/11/03 05:00:01
DEL -> 2015-10-04 05:00:01.771070320 +0900 /var/www/engp/html/wordpress/wp-content/themes/engp/review_photo/tmp
DEL -> 2015-06-19 16:34:42.582103348 +0900 /var/www/engp/html/wordpress/wp-content/themes/engp/review_photo/delete
END -> 2015/11/03 05:00:01
START -> 2015/11/04 05:00:01
DEL -> 2015-10-04 05:00:01.771070320 +0900 /var/www/engp/html/wordpress/wp-content/themes/engp/review_photo/tmp
DEL -> 2015-06-19 16:34:42.582103348 +0900 /var/www/engp/html/wordpress/wp-content/themes/engp/review_photo/delete
END -> 2015/11/04 05:00:01
START -> 2015/11/05 05:00:01
DEL -> 2015-10-04 05:00:01.771070320 +0900 /var/www/engp/html/wordpress/wp-content/themes/engp/review_photo/tmp
DEL -> 2015-06-19 16:34:42.582103348 +0900 /var/www/engp/html/wordpress/wp-content/themes/engp/review_photo/delete
END -> 2015/11/05 05:00:01
START -> 2015/11/06 05:00:01
DEL -> 2015-10-04 05:00:01.771070320 +0900 /var/www/engp/html/wordpress/wp-content/themes/engp/review_photo/tmp
DEL -> 2015-06-19 16:34:42.582103348 +0900 /var/www/engp/html/wordpress/wp-content/themes/engp/review_photo/delete
END -> 2015/11/06 05:00:01
START -> 2015/11/07 05:00:01
DEL -> 2015-10-04 05:00:01.771070320 +0900 /var/www/engp/html/wordpress/wp-content/themes/engp/review_photo/tmp
DEL -> 2015-06-19 16:34:42.582103348 +0900 /var/www/engp/html/wordpress/wp-content/themes/engp/review_photo/delete
END -> 2015/11/07 05:00:01
START -> 2015/11/08 05:00:01
DEL -> 2015-10-04 05:00:01.771070320 +0900 /var/www/engp/html/wordpress/wp-content/themes/engp/review_photo/tmp
DEL -> 2015-06-19 16:34:42.582103348 +0900 /var/www/engp/html/wordpress/wp-content/themes/engp/review_photo/delete
END -> 2015/11/08 05:00:01
START -> 2015/11/09 05:00:01
DEL -> 2015-10-04 05:00:01.771070320 +0900 /var/www/engp/html/wordpress/wp-content/themes/engp/review_photo/tmp
DEL -> 2015-06-19 16:34:42.582103348 +0900 /var/www/engp/html/wordpress/wp-content/themes/engp/review_photo/delete
END -> 2015/11/09 05:00:01
START -> 2015/11/10 05:00:01
DEL -> 2015-10-04 05:00:01.771070320 +0900 /var/www/engp/html/wordpress/wp-content/themes/engp/review_photo/tmp
DEL -> 2015-06-19 16:34:42.582103348 +0900 /var/www/engp/html/wordpress/wp-content/themes/engp/review_photo/delete
END -> 2015/11/10 05:00:01
START -> 2015/11/11 05:00:01
DEL -> 2015-10-04 05:00:01.771070320 +0900 /var/www/engp/html/wordpress/wp-content/themes/engp/review_photo/tmp
DEL -> 2015-06-19 16:34:42.582103348 +0900 /var/www/engp/html/wordpress/wp-content/themes/engp/review_photo/delete
END -> 2015/11/11 05:00:01
START -> 2015/11/12 05:00:01
DEL -> 2015-10-04 05:00:01.771070320 +0900 /var/www/engp/html/wordpress/wp-content/themes/engp/review_photo/tmp
DEL -> 2015-06-19 16:34:42.582103348 +0900 /var/www/engp/html/wordpress/wp-content/themes/engp/review_photo/delete
END -> 2015/11/12 05:00:01
START -> 2015/11/13 05:00:01
DEL -> 2015-10-04 05:00:01.771070320 +0900 /var/www/engp/html/wordpress/wp-content/themes/engp/review_photo/tmp
DEL -> 2015-06-19 16:34:42.582103348 +0900 /var/www/engp/html/wordpress/wp-content/themes/engp/review_photo/delete
END -> 2015/11/13 05:00:01
START -> 2015/11/14 05:00:01
DEL -> 2015-10-04 05:00:01.771070320 +0900 /var/www/engp/html/wordpress/wp-content/themes/engp/review_photo/tmp
DEL -> 2015-06-19 16:34:42.582103348 +0900 /var/www/engp/html/wordpress/wp-content/themes/engp/review_photo/delete
END -> 2015/11/14 05:00:01
START -> 2015/11/15 05:00:01
DEL -> 2015-10-04 05:00:01.771070320 +0900 /var/www/engp/html/wordpress/wp-content/themes/engp/review_photo/tmp
DEL -> 2015-06-19 16:34:42.582103348 +0900 /var/www/engp/html/wordpress/wp-content/themes/engp/review_photo/delete
END -> 2015/11/15 05:00:01
START -> 2015/11/16 05:00:01
DEL -> 2015-10-04 05:00:01.771070320 +0900 /var/www/engp/html/wordpress/wp-content/themes/engp/review_photo/tmp
DEL -> 2015-06-19 16:34:42.582103348 +0900 /var/www/engp/html/wordpress/wp-content/themes/engp/review_photo/delete
END -> 2015/11/16 05:00:01
START -> 2015/11/17 05:00:01
DEL -> 2015-10-04 05:00:01.771070320 +0900 /var/www/engp/html/wordpress/wp-content/themes/engp/review_photo/tmp
DEL -> 2015-06-19 16:34:42.582103348 +0900 /var/www/engp/html/wordpress/wp-content/themes/engp/review_photo/delete
END -> 2015/11/17 05:00:01
START -> 2015/11/18 05:00:01
DEL -> 2015-10-04 05:00:01.771070320 +0900 /var/www/engp/html/wordpress/wp-content/themes/engp/review_photo/tmp
DEL -> 2015-06-19 16:34:42.582103348 +0900 /var/www/engp/html/wordpress/wp-content/themes/engp/review_photo/delete
END -> 2015/11/18 05:00:01
START -> 2015/11/19 05:00:01
DEL -> 2015-10-04 05:00:01.771070320 +0900 /var/www/engp/html/wordpress/wp-content/themes/engp/review_photo/tmp
DEL -> 2015-06-19 16:34:42.582103348 +0900 /var/www/engp/html/wordpress/wp-content/themes/engp/review_photo/delete
END -> 2015/11/19 05:00:01
START -> 2015/11/20 05:00:01
DEL -> 2015-10-04 05:00:01.771070320 +0900 /var/www/engp/html/wordpress/wp-content/themes/engp/review_photo/tmp
DEL -> 2015-06-19 16:34:42.582103348 +0900 /var/www/engp/html/wordpress/wp-content/themes/engp/review_photo/delete
END -> 2015/11/20 05:00:01
START -> 2015/11/21 05:00:01
DEL -> 2015-10-04 05:00:01.771070320 +0900 /var/www/engp/html/wordpress/wp-content/themes/engp/review_photo/tmp
DEL -> 2015-06-19 16:34:42.582103348 +0900 /var/www/engp/html/wordpress/wp-content/themes/engp/review_photo/delete
END -> 2015/11/21 05:00:01
START -> 2015/11/22 05:00:01
DEL -> 2015-10-04 05:00:01.771070320 +0900 /var/www/engp/html/wordpress/wp-content/themes/engp/review_photo/tmp
DEL -> 2015-06-19 16:34:42.582103348 +0900 /var/www/engp/html/wordpress/wp-content/themes/engp/review_photo/delete
END -> 2015/11/22 05:00:01
START -> 2015/11/23 05:00:01
DEL -> 2015-10-04 05:00:01.771070320 +0900 /var/www/engp/html/wordpress/wp-content/themes/engp/review_photo/tmp
DEL -> 2015-06-19 16:34:42.582103348 +0900 /var/www/engp/html/wordpress/wp-content/themes/engp/review_photo/delete
END -> 2015/11/23 05:00:01
START -> 2015/11/24 05:00:01
DEL -> 2015-10-04 05:00:01.771070320 +0900 /var/www/engp/html/wordpress/wp-content/themes/engp/review_photo/tmp
DEL -> 2015-06-19 16:34:42.582103348 +0900 /var/www/engp/html/wordpress/wp-content/themes/engp/review_photo/delete
END -> 2015/11/24 05:00:01
START -> 2015/11/25 05:00:01
DEL -> 2015-10-04 05:00:01.771070320 +0900 /var/www/engp/html/wordpress/wp-content/themes/engp/review_photo/tmp
DEL -> 2015-06-19 16:34:42.582103348 +0900 /var/www/engp/html/wordpress/wp-content/themes/engp/review_photo/delete
END -> 2015/11/25 05:00:01
START -> 2015/11/26 05:00:01
DEL -> 2015-10-04 05:00:01.771070320 +0900 /var/www/engp/html/wordpress/wp-content/themes/engp/review_photo/tmp
DEL -> 2015-06-19 16:34:42.582103348 +0900 /var/www/engp/html/wordpress/wp-content/themes/engp/review_photo/delete
END -> 2015/11/26 05:00:01
START -> 2015/11/27 05:00:01
DEL -> 2015-10-04 05:00:01.771070320 +0900 /var/www/engp/html/wordpress/wp-content/themes/engp/review_photo/tmp
DEL -> 2015-06-19 16:34:42.582103348 +0900 /var/www/engp/html/wordpress/wp-content/themes/engp/review_photo/delete
END -> 2015/11/27 05:00:01
START -> 2015/11/28 05:00:01
DEL -> 2015-10-04 05:00:01.771070320 +0900 /var/www/engp/html/wordpress/wp-content/themes/engp/review_photo/tmp
DEL -> 2015-06-19 16:34:42.582103348 +0900 /var/www/engp/html/wordpress/wp-content/themes/engp/review_photo/delete
END -> 2015/11/28 05:00:01
START -> 2015/11/29 05:00:01
DEL -> 2015-10-04 05:00:01.771070320 +0900 /var/www/engp/html/wordpress/wp-content/themes/engp/review_photo/tmp
DEL -> 2015-06-19 16:34:42.582103348 +0900 /var/www/engp/html/wordpress/wp-content/themes/engp/review_photo/delete
END -> 2015/11/29 05:00:01
START -> 2015/11/30 05:00:01
DEL -> 2015-10-04 05:00:01.771070320 +0900 /var/www/engp/html/wordpress/wp-content/themes/engp/review_photo/tmp
DEL -> 2015-06-19 16:34:42.582103348 +0900 /var/www/engp/html/wordpress/wp-content/themes/engp/review_photo/delete
END -> 2015/11/30 05:00:01
START -> 2015/12/01 05:00:01
DEL -> 2015-10-04 05:00:01.771070320 +0900 /var/www/engp/html/wordpress/wp-content/themes/engp/review_photo/tmp
DEL -> 2015-06-19 16:34:42.582103348 +0900 /var/www/engp/html/wordpress/wp-content/themes/engp/review_photo/delete
END -> 2015/12/01 05:00:01
START -> 2015/12/02 05:00:01
DEL -> 2015-10-04 05:00:01.771070320 +0900 /var/www/engp/html/wordpress/wp-content/themes/engp/review_photo/tmp
DEL -> 2015-06-19 16:34:42.582103348 +0900 /var/www/engp/html/wordpress/wp-content/themes/engp/review_photo/delete
END -> 2015/12/02 05:00:01
START -> 2015/12/03 05:00:01
DEL -> 2015-10-04 05:00:01.771070320 +0900 /var/www/engp/html/wordpress/wp-content/themes/engp/review_photo/tmp
DEL -> 2015-06-19 16:34:42.582103348 +0900 /var/www/engp/html/wordpress/wp-content/themes/engp/review_photo/delete
END -> 2015/12/03 05:00:01
START -> 2015/12/04 05:00:01
DEL -> 2015-10-04 05:00:01.771070320 +0900 /var/www/engp/html/wordpress/wp-content/themes/engp/review_photo/tmp
DEL -> 2015-06-19 16:34:42.582103348 +0900 /var/www/engp/html/wordpress/wp-content/themes/engp/review_photo/delete
END -> 2015/12/04 05:00:02
START -> 2015/12/05 05:00:01
DEL -> 2015-10-04 05:00:01.771070320 +0900 /var/www/engp/html/wordpress/wp-content/themes/engp/review_photo/tmp
DEL -> 2015-06-19 16:34:42.582103348 +0900 /var/www/engp/html/wordpress/wp-content/themes/engp/review_photo/delete
END -> 2015/12/05 05:00:01
START -> 2015/12/06 05:00:01
DEL -> 2015-10-04 05:00:01.771070320 +0900 /var/www/engp/html/wordpress/wp-content/themes/engp/review_photo/tmp
DEL -> 2015-06-19 16:34:42.582103348 +0900 /var/www/engp/html/wordpress/wp-content/themes/engp/review_photo/delete
END -> 2015/12/06 05:00:01
START -> 2015/12/07 05:00:01
DEL -> 2015-10-04 05:00:01.771070320 +0900 /var/www/engp/html/wordpress/wp-content/themes/engp/review_photo/tmp
DEL -> 2015-06-19 16:34:42.582103348 +0900 /var/www/engp/html/wordpress/wp-content/themes/engp/review_photo/delete
END -> 2015/12/07 05:00:01
START -> 2015/12/08 05:00:01
DEL -> 2015-10-04 05:00:01.771070320 +0900 /var/www/engp/html/wordpress/wp-content/themes/engp/review_photo/tmp
DEL -> 2015-06-19 16:34:42.582103348 +0900 /var/www/engp/html/wordpress/wp-content/themes/engp/review_photo/delete
END -> 2015/12/08 05:00:01
START -> 2015/12/09 05:00:01
DEL -> 2015-10-04 05:00:01.771070320 +0900 /var/www/engp/html/wordpress/wp-content/themes/engp/review_photo/tmp
DEL -> 2015-06-19 16:34:42.582103348 +0900 /var/www/engp/html/wordpress/wp-content/themes/engp/review_photo/delete
END -> 2015/12/09 05:00:01
START -> 2015/12/10 05:00:01
DEL -> 2015-10-04 05:00:01.771070320 +0900 /var/www/engp/html/wordpress/wp-content/themes/engp/review_photo/tmp
DEL -> 2015-06-19 16:34:42.582103348 +0900 /var/www/engp/html/wordpress/wp-content/themes/engp/review_photo/delete
END -> 2015/12/10 05:00:01
START -> 2015/12/11 05:00:01
DEL -> 2015-10-04 05:00:01.771070320 +0900 /var/www/engp/html/wordpress/wp-content/themes/engp/review_photo/tmp
DEL -> 2015-06-19 16:34:42.582103348 +0900 /var/www/engp/html/wordpress/wp-content/themes/engp/review_photo/delete
END -> 2015/12/11 05:00:01
START -> 2015/12/12 05:00:01
DEL -> 2015-10-04 05:00:01.771070320 +0900 /var/www/engp/html/wordpress/wp-content/themes/engp/review_photo/tmp
DEL -> 2015-06-19 16:34:42.582103348 +0900 /var/www/engp/html/wordpress/wp-content/themes/engp/review_photo/delete
END -> 2015/12/12 05:00:01
START -> 2015/12/13 05:00:01
DEL -> 2015-10-04 05:00:01.771070320 +0900 /var/www/engp/html/wordpress/wp-content/themes/engp/review_photo/tmp
DEL -> 2015-06-19 16:34:42.582103348 +0900 /var/www/engp/html/wordpress/wp-content/themes/engp/review_photo/delete
END -> 2015/12/13 05:00:01
START -> 2015/12/14 05:00:01
DEL -> 2015-10-04 05:00:01.771070320 +0900 /var/www/engp/html/wordpress/wp-content/themes/engp/review_photo/tmp
DEL -> 2015-06-19 16:34:42.582103348 +0900 /var/www/engp/html/wordpress/wp-content/themes/engp/review_photo/delete
END -> 2015/12/14 05:00:01
START -> 2015/12/15 05:00:01
DEL -> 2015-10-04 05:00:01.771070320 +0900 /var/www/engp/html/wordpress/wp-content/themes/engp/review_photo/tmp
DEL -> 2015-06-19 16:34:42.582103348 +0900 /var/www/engp/html/wordpress/wp-content/themes/engp/review_photo/delete
END -> 2015/12/15 05:00:01
START -> 2015/12/16 05:00:01
DEL -> 2015-10-04 05:00:01.771070320 +0900 /var/www/engp/html/wordpress/wp-content/themes/engp/review_photo/tmp
DEL -> 2015-06-19 16:34:42.582103348 +0900 /var/www/engp/html/wordpress/wp-content/themes/engp/review_photo/delete
END -> 2015/12/16 05:00:01
START -> 2015/12/17 05:00:01
DEL -> 2015-06-19 16:34:42.582103348 +0900 /var/www/engp/html/wordpress/wp-content/themes/engp/review_photo/delete
END -> 2015/12/17 05:00:01
START -> 2015/12/18 05:00:01
DEL -> 2015-06-19 16:34:42.582103348 +0900 /var/www/engp/html/wordpress/wp-content/themes/engp/review_photo/delete
END -> 2015/12/18 05:00:01
START -> 2015/12/19 05:00:01
DEL -> 2015-12-17 04:40:45.595678891 +0900 /var/www/engp/html/wordpress/wp-content/themes/engp/review_photo/tmp
DEL -> 2015-12-17 04:40:06.134699757 +0900 /var/www/engp/html/wordpress/wp-content/themes/engp/review_photo/tmp/2200_5671be200df5f.jpg
DEL -> 2015-12-17 04:39:53.235706177 +0900 /var/www/engp/html/wordpress/wp-content/themes/engp/review_photo/tmp/2200_5671be1fcbeb0.jpg
DEL -> 2015-12-17 04:40:15.551694167 +0900 /var/www/engp/html/wordpress/wp-content/themes/engp/review_photo/tmp/2200_5671be20404dd.jpg
DEL -> 2015-06-19 16:34:42.582103348 +0900 /var/www/engp/html/wordpress/wp-content/themes/engp/review_photo/delete
END -> 2015/12/19 05:00:01
START -> 2015/12/20 05:00:01
DEL -> 2015-06-19 16:34:42.582103348 +0900 /var/www/engp/html/wordpress/wp-content/themes/engp/review_photo/delete
END -> 2015/12/20 05:00:01
START -> 2015/12/21 05:00:01
DEL -> 2015-06-19 16:34:42.582103348 +0900 /var/www/engp/html/wordpress/wp-content/themes/engp/review_photo/delete
END -> 2015/12/21 05:00:01
START -> 2015/12/22 05:00:01
DEL -> 2015-12-19 05:00:01.835504523 +0900 /var/www/engp/html/wordpress/wp-content/themes/engp/review_photo/tmp
DEL -> 2015-06-19 16:34:42.582103348 +0900 /var/www/engp/html/wordpress/wp-content/themes/engp/review_photo/delete
END -> 2015/12/22 05:00:01
START -> 2015/12/23 05:00:01
DEL -> 2015-12-19 05:00:01.835504523 +0900 /var/www/engp/html/wordpress/wp-content/themes/engp/review_photo/tmp
DEL -> 2015-06-19 16:34:42.582103348 +0900 /var/www/engp/html/wordpress/wp-content/themes/engp/review_photo/delete
END -> 2015/12/23 05:00:01
START -> 2015/12/24 05:00:01
DEL -> 2015-12-19 05:00:01.835504523 +0900 /var/www/engp/html/wordpress/wp-content/themes/engp/review_photo/tmp
DEL -> 2015-06-19 16:34:42.582103348 +0900 /var/www/engp/html/wordpress/wp-content/themes/engp/review_photo/delete
END -> 2015/12/24 05:00:01
START -> 2015/12/25 05:00:01
DEL -> 2015-12-19 05:00:01.835504523 +0900 /var/www/engp/html/wordpress/wp-content/themes/engp/review_photo/tmp
DEL -> 2015-06-19 16:34:42.582103348 +0900 /var/www/engp/html/wordpress/wp-content/themes/engp/review_photo/delete
END -> 2015/12/25 05:00:01
START -> 2015/12/26 05:00:01
DEL -> 2015-12-19 05:00:01.835504523 +0900 /var/www/engp/html/wordpress/wp-content/themes/engp/review_photo/tmp
DEL -> 2015-06-19 16:34:42.582103348 +0900 /var/www/engp/html/wordpress/wp-content/themes/engp/review_photo/delete
END -> 2015/12/26 05:00:01
START -> 2015/12/27 05:00:01
DEL -> 2015-12-19 05:00:01.835504523 +0900 /var/www/engp/html/wordpress/wp-content/themes/engp/review_photo/tmp
DEL -> 2015-06-19 16:34:42.582103348 +0900 /var/www/engp/html/wordpress/wp-content/themes/engp/review_photo/delete
END -> 2015/12/27 05:00:01
START -> 2015/12/28 05:00:01
DEL -> 2015-12-19 05:00:01.835504523 +0900 /var/www/engp/html/wordpress/wp-content/themes/engp/review_photo/tmp
DEL -> 2015-06-19 16:34:42.582103348 +0900 /var/www/engp/html/wordpress/wp-content/themes/engp/review_photo/delete
END -> 2015/12/28 05:00:01
START -> 2015/12/29 05:00:01
DEL -> 2015-12-19 05:00:01.835504523 +0900 /var/www/engp/html/wordpress/wp-content/themes/engp/review_photo/tmp
DEL -> 2015-06-19 16:34:42.582103348 +0900 /var/www/engp/html/wordpress/wp-content/themes/engp/review_photo/delete
END -> 2015/12/29 05:00:01
START -> 2015/12/30 05:00:01
DEL -> 2015-12-19 05:00:01.835504523 +0900 /var/www/engp/html/wordpress/wp-content/themes/engp/review_photo/tmp
DEL -> 2015-06-19 16:34:42.582103348 +0900 /var/www/engp/html/wordpress/wp-content/themes/engp/review_photo/delete
END -> 2015/12/30 05:00:01
START -> 2015/12/31 05:00:01
DEL -> 2015-12-19 05:00:01.835504523 +0900 /var/www/engp/html/wordpress/wp-content/themes/engp/review_photo/tmp
DEL -> 2015-06-19 16:34:42.582103348 +0900 /var/www/engp/html/wordpress/wp-content/themes/engp/review_photo/delete
END -> 2015/12/31 05:00:01
START -> 2016/01/01 05:00:01
DEL -> 2015-12-19 05:00:01.835504523 +0900 /var/www/engp/html/wordpress/wp-content/themes/engp/review_photo/tmp
DEL -> 2015-06-19 16:34:42.582103348 +0900 /var/www/engp/html/wordpress/wp-content/themes/engp/review_photo/delete
END -> 2016/01/01 05:00:01
START -> 2016/01/02 05:00:01
DEL -> 2015-12-19 05:00:01.835504523 +0900 /var/www/engp/html/wordpress/wp-content/themes/engp/review_photo/tmp
DEL -> 2015-06-19 16:34:42.582103348 +0900 /var/www/engp/html/wordpress/wp-content/themes/engp/review_photo/delete
END -> 2016/01/02 05:00:01
START -> 2016/01/03 05:00:01
DEL -> 2015-12-19 05:00:01.835504523 +0900 /var/www/engp/html/wordpress/wp-content/themes/engp/review_photo/tmp
DEL -> 2015-06-19 16:34:42.582103348 +0900 /var/www/engp/html/wordpress/wp-content/themes/engp/review_photo/delete
END -> 2016/01/03 05:00:01
START -> 2016/01/04 05:00:01
DEL -> 2015-12-19 05:00:01.835504523 +0900 /var/www/engp/html/wordpress/wp-content/themes/engp/review_photo/tmp
DEL -> 2015-06-19 16:34:42.582103348 +0900 /var/www/engp/html/wordpress/wp-content/themes/engp/review_photo/delete
END -> 2016/01/04 05:00:01
START -> 2016/01/05 05:00:01
DEL -> 2015-12-19 05:00:01.835504523 +0900 /var/www/engp/html/wordpress/wp-content/themes/engp/review_photo/tmp
DEL -> 2015-06-19 16:34:42.582103348 +0900 /var/www/engp/html/wordpress/wp-content/themes/engp/review_photo/delete
END -> 2016/01/05 05:00:01
START -> 2016/01/06 05:00:01
DEL -> 2015-12-19 05:00:01.835504523 +0900 /var/www/engp/html/wordpress/wp-content/themes/engp/review_photo/tmp
DEL -> 2015-06-19 16:34:42.582103348 +0900 /var/www/engp/html/wordpress/wp-content/themes/engp/review_photo/delete
END -> 2016/01/06 05:00:01
START -> 2016/01/07 05:00:01
DEL -> 2015-12-19 05:00:01.835504523 +0900 /var/www/engp/html/wordpress/wp-content/themes/engp/review_photo/tmp
DEL -> 2015-06-19 16:34:42.582103348 +0900 /var/www/engp/html/wordpress/wp-content/themes/engp/review_photo/delete
END -> 2016/01/07 05:00:01
START -> 2016/01/08 05:00:01
DEL -> 2015-12-19 05:00:01.835504523 +0900 /var/www/engp/html/wordpress/wp-content/themes/engp/review_photo/tmp
DEL -> 2015-06-19 16:34:42.582103348 +0900 /var/www/engp/html/wordpress/wp-content/themes/engp/review_photo/delete
END -> 2016/01/08 05:00:01
START -> 2016/01/09 05:00:01
DEL -> 2015-12-19 05:00:01.835504523 +0900 /var/www/engp/html/wordpress/wp-content/themes/engp/review_photo/tmp
DEL -> 2015-06-19 16:34:42.582103348 +0900 /var/www/engp/html/wordpress/wp-content/themes/engp/review_photo/delete
END -> 2016/01/09 05:00:01
START -> 2016/01/10 05:00:01
DEL -> 2015-12-19 05:00:01.835504523 +0900 /var/www/engp/html/wordpress/wp-content/themes/engp/review_photo/tmp
DEL -> 2015-06-19 16:34:42.582103348 +0900 /var/www/engp/html/wordpress/wp-content/themes/engp/review_photo/delete
END -> 2016/01/10 05:00:01
START -> 2016/01/11 05:00:01
DEL -> 2015-12-19 05:00:01.835504523 +0900 /var/www/engp/html/wordpress/wp-content/themes/engp/review_photo/tmp
DEL -> 2015-06-19 16:34:42.582103348 +0900 /var/www/engp/html/wordpress/wp-content/themes/engp/review_photo/delete
END -> 2016/01/11 05:00:01
START -> 2016/01/12 05:00:01
DEL -> 2015-12-19 05:00:01.835504523 +0900 /var/www/engp/html/wordpress/wp-content/themes/engp/review_photo/tmp
DEL -> 2015-06-19 16:34:42.582103348 +0900 /var/www/engp/html/wordpress/wp-content/themes/engp/review_photo/delete
END -> 2016/01/12 05:00:01
START -> 2016/01/13 05:00:02
DEL -> 2015-12-19 05:00:01.835504523 +0900 /var/www/engp/html/wordpress/wp-content/themes/engp/review_photo/tmp
DEL -> 2015-06-19 16:34:42.582103348 +0900 /var/www/engp/html/wordpress/wp-content/themes/engp/review_photo/delete
END -> 2016/01/13 05:00:02
START -> 2016/01/14 05:00:01
DEL -> 2015-12-19 05:00:01.835504523 +0900 /var/www/engp/html/wordpress/wp-content/themes/engp/review_photo/tmp
DEL -> 2015-06-19 16:34:42.582103348 +0900 /var/www/engp/html/wordpress/wp-content/themes/engp/review_photo/delete
END -> 2016/01/14 05:00:01
START -> 2016/01/15 05:00:01
DEL -> 2015-12-19 05:00:01.835504523 +0900 /var/www/engp/html/wordpress/wp-content/themes/engp/review_photo/tmp
DEL -> 2015-06-19 16:34:42.582103348 +0900 /var/www/engp/html/wordpress/wp-content/themes/engp/review_photo/delete
END -> 2016/01/15 05:00:01
START -> 2016/01/16 05:00:02
DEL -> 2015-12-19 05:00:01.835504523 +0900 /var/www/engp/html/wordpress/wp-content/themes/engp/review_photo/tmp
DEL -> 2015-06-19 16:34:42.582103348 +0900 /var/www/engp/html/wordpress/wp-content/themes/engp/review_photo/delete
END -> 2016/01/16 05:00:02
START -> 2016/01/17 05:00:01
DEL -> 2015-12-19 05:00:01.835504523 +0900 /var/www/engp/html/wordpress/wp-content/themes/engp/review_photo/tmp
DEL -> 2015-06-19 16:34:42.582103348 +0900 /var/www/engp/html/wordpress/wp-content/themes/engp/review_photo/delete
END -> 2016/01/17 05:00:01
START -> 2016/01/18 05:00:01
DEL -> 2015-12-19 05:00:01.835504523 +0900 /var/www/engp/html/wordpress/wp-content/themes/engp/review_photo/tmp
DEL -> 2015-06-19 16:34:42.582103348 +0900 /var/www/engp/html/wordpress/wp-content/themes/engp/review_photo/delete
END -> 2016/01/18 05:00:01
START -> 2016/01/19 05:00:01
DEL -> 2015-12-19 05:00:01.835504523 +0900 /var/www/engp/html/wordpress/wp-content/themes/engp/review_photo/tmp
DEL -> 2015-06-19 16:34:42.582103348 +0900 /var/www/engp/html/wordpress/wp-content/themes/engp/review_photo/delete
END -> 2016/01/19 05:00:01
START -> 2016/01/20 05:00:01
DEL -> 2015-12-19 05:00:01.835504523 +0900 /var/www/engp/html/wordpress/wp-content/themes/engp/review_photo/tmp
DEL -> 2015-06-19 16:34:42.582103348 +0900 /var/www/engp/html/wordpress/wp-content/themes/engp/review_photo/delete
END -> 2016/01/20 05:00:01
START -> 2016/01/21 05:00:01
DEL -> 2015-12-19 05:00:01.835504523 +0900 /var/www/engp/html/wordpress/wp-content/themes/engp/review_photo/tmp
DEL -> 2015-06-19 16:34:42.582103348 +0900 /var/www/engp/html/wordpress/wp-content/themes/engp/review_photo/delete
END -> 2016/01/21 05:00:02
START -> 2016/01/22 05:00:01
DEL -> 2015-12-19 05:00:01.835504523 +0900 /var/www/engp/html/wordpress/wp-content/themes/engp/review_photo/tmp
DEL -> 2015-06-19 16:34:42.582103348 +0900 /var/www/engp/html/wordpress/wp-content/themes/engp/review_photo/delete
END -> 2016/01/22 05:00:01
START -> 2016/01/23 05:00:01
DEL -> 2015-12-19 05:00:01.835504523 +0900 /var/www/engp/html/wordpress/wp-content/themes/engp/review_photo/tmp
DEL -> 2015-06-19 16:34:42.582103348 +0900 /var/www/engp/html/wordpress/wp-content/themes/engp/review_photo/delete
END -> 2016/01/23 05:00:01
START -> 2016/01/24 05:00:01
DEL -> 2015-12-19 05:00:01.835504523 +0900 /var/www/engp/html/wordpress/wp-content/themes/engp/review_photo/tmp
DEL -> 2015-06-19 16:34:42.582103348 +0900 /var/www/engp/html/wordpress/wp-content/themes/engp/review_photo/delete
END -> 2016/01/24 05:00:01
START -> 2016/01/25 05:00:01
DEL -> 2015-12-19 05:00:01.835504523 +0900 /var/www/engp/html/wordpress/wp-content/themes/engp/review_photo/tmp
DEL -> 2015-06-19 16:34:42.582103348 +0900 /var/www/engp/html/wordpress/wp-content/themes/engp/review_photo/delete
END -> 2016/01/25 05:00:01
START -> 2016/01/26 05:00:01
DEL -> 2015-12-19 05:00:01.835504523 +0900 /var/www/engp/html/wordpress/wp-content/themes/engp/review_photo/tmp
DEL -> 2015-06-19 16:34:42.582103348 +0900 /var/www/engp/html/wordpress/wp-content/themes/engp/review_photo/delete
END -> 2016/01/26 05:00:01
START -> 2016/01/27 05:00:01
DEL -> 2015-12-19 05:00:01.835504523 +0900 /var/www/engp/html/wordpress/wp-content/themes/engp/review_photo/tmp
DEL -> 2015-06-19 16:34:42.582103348 +0900 /var/www/engp/html/wordpress/wp-content/themes/engp/review_photo/delete
END -> 2016/01/27 05:00:01
START -> 2016/01/28 05:00:01
DEL -> 2015-12-19 05:00:01.835504523 +0900 /var/www/engp/html/wordpress/wp-content/themes/engp/review_photo/tmp
DEL -> 2015-06-19 16:34:42.582103348 +0900 /var/www/engp/html/wordpress/wp-content/themes/engp/review_photo/delete
END -> 2016/01/28 05:00:01
START -> 2016/01/29 05:00:01
DEL -> 2015-12-19 05:00:01.835504523 +0900 /var/www/engp/html/wordpress/wp-content/themes/engp/review_photo/tmp
DEL -> 2015-06-19 16:34:42.582103348 +0900 /var/www/engp/html/wordpress/wp-content/themes/engp/review_photo/delete
END -> 2016/01/29 05:00:01
START -> 2016/01/30 05:00:01
DEL -> 2015-12-19 05:00:01.835504523 +0900 /var/www/engp/html/wordpress/wp-content/themes/engp/review_photo/tmp
DEL -> 2015-06-19 16:34:42.582103348 +0900 /var/www/engp/html/wordpress/wp-content/themes/engp/review_photo/delete
END -> 2016/01/30 05:00:01
START -> 2016/01/31 05:00:01
DEL -> 2015-12-19 05:00:01.835504523 +0900 /var/www/engp/html/wordpress/wp-content/themes/engp/review_photo/tmp
DEL -> 2015-06-19 16:34:42.582103348 +0900 /var/www/engp/html/wordpress/wp-content/themes/engp/review_photo/delete
END -> 2016/01/31 05:00:01
START -> 2016/02/01 05:00:01
DEL -> 2015-12-19 05:00:01.835504523 +0900 /var/www/engp/html/wordpress/wp-content/themes/engp/review_photo/tmp
DEL -> 2015-06-19 16:34:42.582103348 +0900 /var/www/engp/html/wordpress/wp-content/themes/engp/review_photo/delete
END -> 2016/02/01 05:00:01
START -> 2016/02/02 05:00:01
DEL -> 2015-12-19 05:00:01.835504523 +0900 /var/www/engp/html/wordpress/wp-content/themes/engp/review_photo/tmp
DEL -> 2015-06-19 16:34:42.582103348 +0900 /var/www/engp/html/wordpress/wp-content/themes/engp/review_photo/delete
END -> 2016/02/02 05:00:01
START -> 2016/02/03 05:00:01
DEL -> 2015-12-19 05:00:01.835504523 +0900 /var/www/engp/html/wordpress/wp-content/themes/engp/review_photo/tmp
DEL -> 2015-06-19 16:34:42.582103348 +0900 /var/www/engp/html/wordpress/wp-content/themes/engp/review_photo/delete
END -> 2016/02/03 05:00:01
START -> 2016/02/04 05:00:01
DEL -> 2015-12-19 05:00:01.835504523 +0900 /var/www/engp/html/wordpress/wp-content/themes/engp/review_photo/tmp
DEL -> 2015-06-19 16:34:42.582103348 +0900 /var/www/engp/html/wordpress/wp-content/themes/engp/review_photo/delete
END -> 2016/02/04 05:00:01
START -> 2016/02/05 05:00:01
DEL -> 2015-12-19 05:00:01.835504523 +0900 /var/www/engp/html/wordpress/wp-content/themes/engp/review_photo/tmp
DEL -> 2015-06-19 16:34:42.582103348 +0900 /var/www/engp/html/wordpress/wp-content/themes/engp/review_photo/delete
END -> 2016/02/05 05:00:01
START -> 2016/02/06 05:00:01
DEL -> 2015-12-19 05:00:01.835504523 +0900 /var/www/engp/html/wordpress/wp-content/themes/engp/review_photo/tmp
DEL -> 2015-06-19 16:34:42.582103348 +0900 /var/www/engp/html/wordpress/wp-content/themes/engp/review_photo/delete
END -> 2016/02/06 05:00:01
START -> 2016/02/07 05:00:01
DEL -> 2015-12-19 05:00:01.835504523 +0900 /var/www/engp/html/wordpress/wp-content/themes/engp/review_photo/tmp
DEL -> 2015-06-19 16:34:42.582103348 +0900 /var/www/engp/html/wordpress/wp-content/themes/engp/review_photo/delete
END -> 2016/02/07 05:00:01
START -> 2016/02/08 05:00:01
DEL -> 2015-12-19 05:00:01.835504523 +0900 /var/www/engp/html/wordpress/wp-content/themes/engp/review_photo/tmp
DEL -> 2015-06-19 16:34:42.582103348 +0900 /var/www/engp/html/wordpress/wp-content/themes/engp/review_photo/delete
END -> 2016/02/08 05:00:01
START -> 2016/02/09 05:00:01
DEL -> 2015-12-19 05:00:01.835504523 +0900 /var/www/engp/html/wordpress/wp-content/themes/engp/review_photo/tmp
DEL -> 2015-06-19 16:34:42.582103348 +0900 /var/www/engp/html/wordpress/wp-content/themes/engp/review_photo/delete
END -> 2016/02/09 05:00:01
START -> 2016/02/10 05:00:01
DEL -> 2015-12-19 05:00:01.835504523 +0900 /var/www/engp/html/wordpress/wp-content/themes/engp/review_photo/tmp
DEL -> 2015-06-19 16:34:42.582103348 +0900 /var/www/engp/html/wordpress/wp-content/themes/engp/review_photo/delete
END -> 2016/02/10 05:00:01
START -> 2016/02/11 05:00:01
DEL -> 2015-12-19 05:00:01.835504523 +0900 /var/www/engp/html/wordpress/wp-content/themes/engp/review_photo/tmp
DEL -> 2015-06-19 16:34:42.582103348 +0900 /var/www/engp/html/wordpress/wp-content/themes/engp/review_photo/delete
END -> 2016/02/11 05:00:01
START -> 2016/02/12 05:00:01
DEL -> 2015-12-19 05:00:01.835504523 +0900 /var/www/engp/html/wordpress/wp-content/themes/engp/review_photo/tmp
DEL -> 2015-06-19 16:34:42.582103348 +0900 /var/www/engp/html/wordpress/wp-content/themes/engp/review_photo/delete
END -> 2016/02/12 05:00:01
START -> 2016/02/13 05:00:01
DEL -> 2015-12-19 05:00:01.835504523 +0900 /var/www/engp/html/wordpress/wp-content/themes/engp/review_photo/tmp
DEL -> 2015-06-19 16:34:42.582103348 +0900 /var/www/engp/html/wordpress/wp-content/themes/engp/review_photo/delete
END -> 2016/02/13 05:00:01
START -> 2016/02/14 05:00:01
DEL -> 2015-12-19 05:00:01.835504523 +0900 /var/www/engp/html/wordpress/wp-content/themes/engp/review_photo/tmp
DEL -> 2015-06-19 16:34:42.582103348 +0900 /var/www/engp/html/wordpress/wp-content/themes/engp/review_photo/delete
END -> 2016/02/14 05:00:01
START -> 2016/02/15 05:00:01
DEL -> 2015-12-19 05:00:01.835504523 +0900 /var/www/engp/html/wordpress/wp-content/themes/engp/review_photo/tmp
DEL -> 2015-06-19 16:34:42.582103348 +0900 /var/www/engp/html/wordpress/wp-content/themes/engp/review_photo/delete
END -> 2016/02/15 05:00:01
START -> 2016/02/16 05:00:01
DEL -> 2015-12-19 05:00:01.835504523 +0900 /var/www/engp/html/wordpress/wp-content/themes/engp/review_photo/tmp
DEL -> 2015-06-19 16:34:42.582103348 +0900 /var/www/engp/html/wordpress/wp-content/themes/engp/review_photo/delete
END -> 2016/02/16 05:00:01
START -> 2016/02/17 05:00:01
DEL -> 2015-12-19 05:00:01.835504523 +0900 /var/www/engp/html/wordpress/wp-content/themes/engp/review_photo/tmp
DEL -> 2015-06-19 16:34:42.582103348 +0900 /var/www/engp/html/wordpress/wp-content/themes/engp/review_photo/delete
END -> 2016/02/17 05:00:01
START -> 2016/02/18 05:00:01
DEL -> 2015-12-19 05:00:01.835504523 +0900 /var/www/engp/html/wordpress/wp-content/themes/engp/review_photo/tmp
DEL -> 2015-06-19 16:34:42.582103348 +0900 /var/www/engp/html/wordpress/wp-content/themes/engp/review_photo/delete
END -> 2016/02/18 05:00:01
START -> 2016/02/19 05:00:01
DEL -> 2015-12-19 05:00:01.835504523 +0900 /var/www/engp/html/wordpress/wp-content/themes/engp/review_photo/tmp
DEL -> 2015-06-19 16:34:42.582103348 +0900 /var/www/engp/html/wordpress/wp-content/themes/engp/review_photo/delete
END -> 2016/02/19 05:00:01
START -> 2016/02/20 05:00:01
DEL -> 2015-12-19 05:00:01.835504523 +0900 /var/www/engp/html/wordpress/wp-content/themes/engp/review_photo/tmp
DEL -> 2015-06-19 16:34:42.582103348 +0900 /var/www/engp/html/wordpress/wp-content/themes/engp/review_photo/delete
END -> 2016/02/20 05:00:01
START -> 2016/02/21 05:00:01
DEL -> 2015-12-19 05:00:01.835504523 +0900 /var/www/engp/html/wordpress/wp-content/themes/engp/review_photo/tmp
DEL -> 2015-06-19 16:34:42.582103348 +0900 /var/www/engp/html/wordpress/wp-content/themes/engp/review_photo/delete
END -> 2016/02/21 05:00:01
START -> 2016/02/22 05:00:01
DEL -> 2015-12-19 05:00:01.835504523 +0900 /var/www/engp/html/wordpress/wp-content/themes/engp/review_photo/tmp
DEL -> 2015-06-19 16:34:42.582103348 +0900 /var/www/engp/html/wordpress/wp-content/themes/engp/review_photo/delete
END -> 2016/02/22 05:00:01
START -> 2016/02/23 05:00:01
DEL -> 2015-12-19 05:00:01.835504523 +0900 /var/www/engp/html/wordpress/wp-content/themes/engp/review_photo/tmp
DEL -> 2015-06-19 16:34:42.582103348 +0900 /var/www/engp/html/wordpress/wp-content/themes/engp/review_photo/delete
END -> 2016/02/23 05:00:01
START -> 2016/02/24 05:00:01
DEL -> 2015-12-19 05:00:01.835504523 +0900 /var/www/engp/html/wordpress/wp-content/themes/engp/review_photo/tmp
DEL -> 2015-06-19 16:34:42.582103348 +0900 /var/www/engp/html/wordpress/wp-content/themes/engp/review_photo/delete
END -> 2016/02/24 05:00:01
START -> 2016/02/25 05:00:02
DEL -> 2015-12-19 05:00:01.835504523 +0900 /var/www/engp/html/wordpress/wp-content/themes/engp/review_photo/tmp
DEL -> 2015-06-19 16:34:42.582103348 +0900 /var/www/engp/html/wordpress/wp-content/themes/engp/review_photo/delete
END -> 2016/02/25 05:00:02
START -> 2016/02/26 05:00:01
DEL -> 2015-12-19 05:00:01.835504523 +0900 /var/www/engp/html/wordpress/wp-content/themes/engp/review_photo/tmp
DEL -> 2015-06-19 16:34:42.582103348 +0900 /var/www/engp/html/wordpress/wp-content/themes/engp/review_photo/delete
END -> 2016/02/26 05:00:01
START -> 2016/02/27 05:00:01
DEL -> 2015-12-19 05:00:01.835504523 +0900 /var/www/engp/html/wordpress/wp-content/themes/engp/review_photo/tmp
DEL -> 2015-06-19 16:34:42.582103348 +0900 /var/www/engp/html/wordpress/wp-content/themes/engp/review_photo/delete
END -> 2016/02/27 05:00:01
START -> 2016/02/28 05:00:01
DEL -> 2015-12-19 05:00:01.835504523 +0900 /var/www/engp/html/wordpress/wp-content/themes/engp/review_photo/tmp
DEL -> 2015-06-19 16:34:42.582103348 +0900 /var/www/engp/html/wordpress/wp-content/themes/engp/review_photo/delete
END -> 2016/02/28 05:00:01
START -> 2016/02/29 05:00:02
DEL -> 2015-12-19 05:00:01.835504523 +0900 /var/www/engp/html/wordpress/wp-content/themes/engp/review_photo/tmp
DEL -> 2015-06-19 16:34:42.582103348 +0900 /var/www/engp/html/wordpress/wp-content/themes/engp/review_photo/delete
END -> 2016/02/29 05:00:02
START -> 2016/03/01 05:00:01
DEL -> 2015-12-19 05:00:01.835504523 +0900 /var/www/engp/html/wordpress/wp-content/themes/engp/review_photo/tmp
DEL -> 2015-06-19 16:34:42.582103348 +0900 /var/www/engp/html/wordpress/wp-content/themes/engp/review_photo/delete
END -> 2016/03/01 05:00:01
START -> 2016/03/02 05:00:01
DEL -> 2015-12-19 05:00:01.835504523 +0900 /var/www/engp/html/wordpress/wp-content/themes/engp/review_photo/tmp
DEL -> 2015-06-19 16:34:42.582103348 +0900 /var/www/engp/html/wordpress/wp-content/themes/engp/review_photo/delete
END -> 2016/03/02 05:00:01
START -> 2016/03/03 05:00:01
DEL -> 2015-12-19 05:00:01.835504523 +0900 /var/www/engp/html/wordpress/wp-content/themes/engp/review_photo/tmp
DEL -> 2015-06-19 16:34:42.582103348 +0900 /var/www/engp/html/wordpress/wp-content/themes/engp/review_photo/delete
END -> 2016/03/03 05:00:01
START -> 2016/03/04 05:00:01
DEL -> 2015-12-19 05:00:01.835504523 +0900 /var/www/engp/html/wordpress/wp-content/themes/engp/review_photo/tmp
DEL -> 2015-06-19 16:34:42.582103348 +0900 /var/www/engp/html/wordpress/wp-content/themes/engp/review_photo/delete
END -> 2016/03/04 05:00:01
START -> 2016/03/05 05:00:01
DEL -> 2015-12-19 05:00:01.835504523 +0900 /var/www/engp/html/wordpress/wp-content/themes/engp/review_photo/tmp
DEL -> 2015-06-19 16:34:42.582103348 +0900 /var/www/engp/html/wordpress/wp-content/themes/engp/review_photo/delete
END -> 2016/03/05 05:00:01
START -> 2016/03/06 05:00:01
DEL -> 2015-12-19 05:00:01.835504523 +0900 /var/www/engp/html/wordpress/wp-content/themes/engp/review_photo/tmp
DEL -> 2015-06-19 16:34:42.582103348 +0900 /var/www/engp/html/wordpress/wp-content/themes/engp/review_photo/delete
END -> 2016/03/06 05:00:01
START -> 2016/03/07 05:00:01
DEL -> 2015-12-19 05:00:01.835504523 +0900 /var/www/engp/html/wordpress/wp-content/themes/engp/review_photo/tmp
DEL -> 2015-06-19 16:34:42.582103348 +0900 /var/www/engp/html/wordpress/wp-content/themes/engp/review_photo/delete
END -> 2016/03/07 05:00:01
START -> 2016/03/08 05:00:01
DEL -> 2015-12-19 05:00:01.835504523 +0900 /var/www/engp/html/wordpress/wp-content/themes/engp/review_photo/tmp
DEL -> 2015-06-19 16:34:42.582103348 +0900 /var/www/engp/html/wordpress/wp-content/themes/engp/review_photo/delete
END -> 2016/03/08 05:00:01
